<?xml version="1.0" encoding="UTF-8"?>
<!-- Generated by org.testng.reporters.JUnitReportReporter -->
<testsuite hostname="sathish" failures="0" tests="1" name="practice.testng.ReadDataFromTestNgTest" time="0.012" errors="0" timestamp="25 Jul 2024 04:58:02 GMT" skipped="0">
  <testcase classname="practice.testng.ReadDataFromTestNgTest" name="sampleTest" time="0.012"/>
</testsuite> <!-- practice.testng.ReadDataFromTestNgTest -->
